<?xml version="1.0" encoding="utf-8"?><testsuites name="pytest tests"><testsuite name="pytest" errors="0" failures="0" skipped="0" tests="18" time="2.260" timestamp="2026-06-29T23:30:32.666167+00:00" hostname="agent-env-8cc79df2-b269-48cb-8665-4495aaa848d1"><testcase classname="tests.test_tenant_waitlist.TestPublicLeads" name="test_create_lead_success" time="0.559" /><testcase classname="tests.test_tenant_waitlist.TestPublicLeads" name="test_create_duplicate_returns_is_new_false" time="0.306" /><testcase classname="tests.test_tenant_waitlist.TestPublicLeads" name="test_create_invalid_email" time="0.042" /><testcase classname="tests.test_tenant_waitlist.TestPublicLeads" name="test_create_invalid_phone_too_short" time="0.045" /><testcase classname="tests.test_tenant_waitlist.TestPublicLeads" name="test_check_existing_lead" time="0.049" /><testcase classname="tests.test_tenant_waitlist.TestPublicLeads" name="test_check_nonexistent_lead" time="0.043" /><testcase classname="tests.test_tenant_waitlist.TestAdminLeads" name="test_admin_login_sets_cookie" time="0.338" /><testcase classname="tests.test_tenant_waitlist.TestAdminLeads" name="test_admin_list_includes_qa_lead" time="0.056" /><testcase classname="tests.test_tenant_waitlist.TestAdminLeads" name="test_admin_stats" time="0.047" /><testcase classname="tests.test_tenant_waitlist.TestAdminLeads" name="test_admin_filter_by_status_and_bedrooms" time="0.065" /><testcase classname="tests.test_tenant_waitlist.TestAdminLeads" name="test_admin_patch_status_to_contacted" time="0.052" /><testcase classname="tests.test_tenant_waitlist.TestAdminLeads" name="test_admin_patch_invalid_status" time="0.042" /><testcase classname="tests.test_tenant_waitlist.TestAdminLeads" name="test_admin_get_settings" time="0.045" /><testcase classname="tests.test_tenant_waitlist.TestAdminLeads" name="test_admin_update_settings_toggle_email" time="0.152" /><testcase classname="tests.test_tenant_waitlist.TestAdminLeads" name="test_admin_export_csv" time="0.047" /><testcase classname="tests.test_tenant_waitlist.TestAdminLeads" name="test_admin_notify_lead" time="0.126" /><testcase classname="tests.test_tenant_waitlist.TestAdminLeads" name="test_admin_delete_lead" time="0.103" /><testcase classname="tests.test_tenant_waitlist.TestAdminLeads" name="test_admin_endpoints_require_auth" time="0.063" /></testsuite></testsuites>