<?xml version="1.0" encoding="utf-8"?><testsuites name="pytest tests"><testsuite name="pytest" errors="0" failures="0" skipped="0" tests="60" time="10.594" timestamp="2026-06-30T03:02:54.273686+00:00" hostname="agent-env-8cc79df2-b269-48cb-8665-4495aaa848d1"><testcase classname="tests.test_tenant_waitlist.TestPublicLeads" name="test_create_lead_success" time="0.535" /><testcase classname="tests.test_tenant_waitlist.TestPublicLeads" name="test_create_duplicate_returns_is_new_false" time="0.283" /><testcase classname="tests.test_tenant_waitlist.TestPublicLeads" name="test_create_invalid_email" time="0.038" /><testcase classname="tests.test_tenant_waitlist.TestPublicLeads" name="test_create_invalid_phone_too_short" time="0.041" /><testcase classname="tests.test_tenant_waitlist.TestPublicLeads" name="test_check_existing_lead" time="0.041" /><testcase classname="tests.test_tenant_waitlist.TestPublicLeads" name="test_check_nonexistent_lead" time="0.040" /><testcase classname="tests.test_tenant_waitlist.TestAdminLeads" name="test_admin_login_sets_cookie" time="0.275" /><testcase classname="tests.test_tenant_waitlist.TestAdminLeads" name="test_admin_list_includes_qa_lead" time="0.068" /><testcase classname="tests.test_tenant_waitlist.TestAdminLeads" name="test_admin_stats" time="0.046" /><testcase classname="tests.test_tenant_waitlist.TestAdminLeads" name="test_admin_filter_by_status_and_bedrooms" time="0.047" /><testcase classname="tests.test_tenant_waitlist.TestAdminLeads" name="test_admin_patch_status_to_contacted" time="0.061" /><testcase classname="tests.test_tenant_waitlist.TestAdminLeads" name="test_admin_patch_invalid_status" time="0.046" /><testcase classname="tests.test_tenant_waitlist.TestAdminLeads" name="test_admin_get_settings" time="0.043" /><testcase classname="tests.test_tenant_waitlist.TestAdminLeads" name="test_admin_update_settings_toggle_email" time="0.153" /><testcase classname="tests.test_tenant_waitlist.TestAdminLeads" name="test_admin_export_csv" time="0.057" /><testcase classname="tests.test_tenant_waitlist.TestAdminLeads" name="test_admin_notify_lead" time="0.138" /><testcase classname="tests.test_tenant_waitlist.TestAdminLeads" name="test_admin_delete_lead" time="0.092" /><testcase classname="tests.test_tenant_waitlist.TestAdminLeads" name="test_admin_endpoints_require_auth" time="0.064" /><testcase classname="tests.test_service_providers.TestPublicProviders" name="test_get_services_list" time="0.067" /><testcase classname="tests.test_service_providers.TestPublicProviders" name="test_create_provider_success" time="0.373" /><testcase classname="tests.test_service_providers.TestPublicProviders" name="test_create_duplicate_returns_is_new_false" time="0.286" /><testcase classname="tests.test_service_providers.TestPublicProviders" name="test_create_invalid_email" time="0.044" /><testcase classname="tests.test_service_providers.TestPublicProviders" name="test_create_invalid_service" time="0.040" /><testcase classname="tests.test_service_providers.TestPublicProviders" name="test_create_invalid_phone_too_short" time="0.039" /><testcase classname="tests.test_service_providers.TestPublicProviders" name="test_check_existing_provider" time="0.043" /><testcase classname="tests.test_service_providers.TestAdminProviders" name="test_admin_login_returns_bearer" time="0.254" /><testcase classname="tests.test_service_providers.TestAdminProviders" name="test_admin_endpoints_require_auth" time="0.064" /><testcase classname="tests.test_service_providers.TestAdminProviders" name="test_admin_list_includes_qa_provider" time="0.046" /><testcase classname="tests.test_service_providers.TestAdminProviders" name="test_admin_stats" time="0.059" /><testcase classname="tests.test_service_providers.TestAdminProviders" name="test_admin_filter_by_service" time="0.048" /><testcase classname="tests.test_service_providers.TestAdminProviders" name="test_admin_filter_by_status_pending_review" time="0.045" /><testcase classname="tests.test_service_providers.TestAdminProviders" name="test_admin_search" time="0.057" /><testcase classname="tests.test_service_providers.TestAdminProviders" name="test_admin_patch_status_to_active" time="0.048" /><testcase classname="tests.test_service_providers.TestAdminProviders" name="test_admin_patch_invalid_status" time="0.040" /><testcase classname="tests.test_service_providers.TestAdminProviders" name="test_admin_patch_featured_and_notes" time="0.103" /><testcase classname="tests.test_service_providers.TestAdminProviders" name="test_admin_dispatch_job" time="0.163" /><testcase classname="tests.test_service_providers.TestAdminProviders" name="test_admin_rate_provider" time="0.145" /><testcase classname="tests.test_service_providers.TestAdminProviders" name="test_admin_export_csv" time="0.042" /><testcase classname="tests.test_service_providers.TestAdminProviders" name="test_admin_get_settings" time="0.041" /><testcase classname="tests.test_service_providers.TestAdminProviders" name="test_admin_update_settings_toggle_email" time="0.136" /><testcase classname="tests.test_service_providers.TestAdminProviders" name="test_admin_delete_provider" time="0.085" /><testcase classname="tests.test_maintenance_dispatch.TestMatchForMaintenance" name="test_match_404_on_missing" time="0.323" /><testcase classname="tests.test_maintenance_dispatch.TestMatchForMaintenance" name="test_match_requires_auth" time="0.061" /><testcase classname="tests.test_maintenance_dispatch.TestMatchForMaintenance" name="test_match_returns_request_envelope" time="0.987" /><testcase classname="tests.test_maintenance_dispatch.TestCategoryMapping" name="test_category_maps_correctly[plumbing-expected0]" time="0.143" /><testcase classname="tests.test_maintenance_dispatch.TestCategoryMapping" name="test_category_maps_correctly[electrical-expected1]" time="0.113" /><testcase classname="tests.test_maintenance_dispatch.TestCategoryMapping" name="test_category_maps_correctly[hvac-expected2]" time="0.113" /><testcase classname="tests.test_maintenance_dispatch.TestCategoryMapping" name="test_category_maps_correctly[painting-expected3]" time="0.111" /><testcase classname="tests.test_maintenance_dispatch.TestCategoryMapping" name="test_category_maps_correctly[roof-expected4]" time="0.112" /><testcase classname="tests.test_maintenance_dispatch.TestCategoryMapping" name="test_category_fallback_to_handyman_when_empty" time="0.113" /><testcase classname="tests.test_maintenance_dispatch.TestDispatchMaintenance" name="test_dispatch_requires_auth" time="0.062" /><testcase classname="tests.test_maintenance_dispatch.TestDispatchMaintenance" name="test_dispatch_missing_fields_returns_400" time="0.041" /><testcase classname="tests.test_maintenance_dispatch.TestDispatchMaintenance" name="test_dispatch_missing_request_id_returns_400" time="0.041" /><testcase classname="tests.test_maintenance_dispatch.TestDispatchMaintenance" name="test_dispatch_invalid_provider_returns_404" time="0.043" /><testcase classname="tests.test_maintenance_dispatch.TestDispatchMaintenance" name="test_dispatch_invalid_request_returns_404" time="0.045" /><testcase classname="tests.test_maintenance_dispatch.TestDispatchMaintenance" name="test_dispatch_success_full_flow" time="0.444" /><testcase classname="tests.test_maintenance_dispatch.TestEndToEndJourney" name="test_full_tenant_to_dispatch_flow" time="1.319" /><testcase classname="tests.test_maintenance_dispatch.TestZipBasedPrioritization" name="test_zip_match_orders_a_before_c_before_b" time="1.430" /><testcase classname="tests.test_maintenance_dispatch.TestZipBasedPrioritization" name="test_address_without_zip_returns_null_property_zip" time="0.119" /><testcase classname="tests.test_maintenance_dispatch.TestZipBasedPrioritization" name="test_matches_zip_field_present_on_every_provider" time="0.374" /></testsuite></testsuites>