<?xml version="1.0" encoding="utf-8"?><testsuites name="pytest tests"><testsuite name="pytest" errors="0" failures="0" skipped="0" tests="23" time="17.242" timestamp="2026-08-11T06:10:05.239100+00:00" hostname="agent-env-8cc79df2-b269-48cb-8665-4495aaa848d1"><testcase classname="backend.tests.test_ross_house_iter31.TestAdmin2FASecurity" name="test_marketplace_login_admin_returns_403" time="0.804" /><testcase classname="backend.tests.test_ross_house_iter31.TestAdmin2FASecurity" name="test_step1_wrong_password_returns_401" time="0.471" /><testcase classname="backend.tests.test_ross_house_iter31.TestAdmin2FASecurity" name="test_step1_correct_password_with_2fa_disabled_returns_complete" time="0.337" /><testcase classname="backend.tests.test_ross_house_iter31.TestAdmin2FASecurity" name="test_step1_lockout_after_5_wrong_attempts" time="1.836" /><testcase classname="backend.tests.test_ross_house_iter31.TestNewsletterPro" name="test_no_token_returns_401" time="0.003" /><testcase classname="backend.tests.test_ross_house_iter31.TestNewsletterPro" name="test_create_draft_campaign" time="0.067" /><testcase classname="backend.tests.test_ross_house_iter31.TestNewsletterPro" name="test_update_campaign_subject" time="0.246" /><testcase classname="backend.tests.test_ross_house_iter31.TestNewsletterPro" name="test_create_scheduled_campaign" time="0.074" /><testcase classname="backend.tests.test_ross_house_iter31.TestNewsletterPro" name="test_create_recurring_campaign" time="0.078" /><testcase classname="backend.tests.test_ross_house_iter31.TestNewsletterPro" name="test_get_campaign_detail_has_opened_arrays" time="0.139" /><testcase classname="backend.tests.test_ross_house_iter31.TestNewsletterPro" name="test_duplicate_campaign" time="0.101" /><testcase classname="backend.tests.test_ross_house_iter31.TestNewsletterPro" name="test_delete_campaign" time="0.205" /><testcase classname="backend.tests.test_ross_house_iter31.TestNewsletterPro" name="test_ai_topics" time="4.678" /><testcase classname="backend.tests.test_ross_house_iter31.TestNewsletterPro" name="test_ai_generate_bilingual" time="6.438" /><testcase classname="backend.tests.test_ross_house_iter31.TestChat" name="test_list_admin_conversations" time="0.066" /><testcase classname="backend.tests.test_ross_house_iter31.TestChat" name="test_get_messages_alias" time="0.288" /><testcase classname="backend.tests.test_ross_house_iter31.TestChat" name="test_mark_read" time="0.137" /><testcase classname="backend.tests.test_ross_house_iter31.TestChat" name="test_ai_status_and_toggle" time="0.328" /><testcase classname="backend.tests.test_ross_house_iter31.TestChat" name="test_admin_send" time="0.187" /><testcase classname="backend.tests.test_ross_house_iter31.TestConsentPDFs" name="test_background_check" time="0.094" /><testcase classname="backend.tests.test_ross_house_iter31.TestConsentPDFs" name="test_income_verification" time="0.093" /><testcase classname="backend.tests.test_ross_house_iter31.TestConsentPDFs" name="test_photo_video" time="0.097" /><testcase classname="backend.tests.test_ross_house_iter31.TestConsentPDFs" name="test_ach_authorization" time="0.292" /></testsuite></testsuites>