<?xml version="1.0" encoding="utf-8"?><testsuites name="pytest tests"><testsuite name="pytest" errors="0" failures="0" skipped="0" tests="4" time="1.583" timestamp="2026-08-11T06:09:57.826774+00:00" hostname="agent-env-8cc79df2-b269-48cb-8665-4495aaa848d1"><testcase classname="backend.tests.test_ross_house_iter31.TestConsentPDFs" name="test_background_check" time="0.969" /><testcase classname="backend.tests.test_ross_house_iter31.TestConsentPDFs" name="test_income_verification" time="0.094" /><testcase classname="backend.tests.test_ross_house_iter31.TestConsentPDFs" name="test_photo_video" time="0.109" /><testcase classname="backend.tests.test_ross_house_iter31.TestConsentPDFs" name="test_ach_authorization" time="0.228" /></testsuite></testsuites>