<?xml version="1.0" encoding="utf-8"?><testsuites name="pytest tests"><testsuite name="pytest" errors="0" failures="0" skipped="0" tests="3" time="2.633" timestamp="2026-06-30T01:44:57.092951+00:00" hostname="agent-env-8cc79df2-b269-48cb-8665-4495aaa848d1"><testcase classname="tests.test_maintenance_dispatch.TestZipBasedPrioritization" name="test_zip_match_orders_a_before_c_before_b" time="2.044" /><testcase classname="tests.test_maintenance_dispatch.TestZipBasedPrioritization" name="test_address_without_zip_returns_null_property_zip" time="0.121" /><testcase classname="tests.test_maintenance_dispatch.TestZipBasedPrioritization" name="test_matches_zip_field_present_on_every_provider" time="0.307" /></testsuite></testsuites>