<?xml version="1.0" encoding="utf-8"?><testsuites name="pytest tests"><testsuite name="pytest" errors="0" failures="0" skipped="0" tests="16" time="4.329" timestamp="2026-06-30T01:24:48.225792+00:00" hostname="agent-env-8cc79df2-b269-48cb-8665-4495aaa848d1"><testcase classname="tests.test_maintenance_dispatch.TestMatchForMaintenance" name="test_match_404_on_missing" time="0.494" /><testcase classname="tests.test_maintenance_dispatch.TestMatchForMaintenance" name="test_match_requires_auth" time="0.066" /><testcase classname="tests.test_maintenance_dispatch.TestMatchForMaintenance" name="test_match_returns_request_envelope" time="0.959" /><testcase classname="tests.test_maintenance_dispatch.TestCategoryMapping" name="test_category_maps_correctly[plumbing-expected0]" time="0.111" /><testcase classname="tests.test_maintenance_dispatch.TestCategoryMapping" name="test_category_maps_correctly[electrical-expected1]" time="0.111" /><testcase classname="tests.test_maintenance_dispatch.TestCategoryMapping" name="test_category_maps_correctly[hvac-expected2]" time="0.118" /><testcase classname="tests.test_maintenance_dispatch.TestCategoryMapping" name="test_category_maps_correctly[painting-expected3]" time="0.110" /><testcase classname="tests.test_maintenance_dispatch.TestCategoryMapping" name="test_category_maps_correctly[roof-expected4]" time="0.122" /><testcase classname="tests.test_maintenance_dispatch.TestCategoryMapping" name="test_category_fallback_to_handyman_when_empty" time="0.123" /><testcase classname="tests.test_maintenance_dispatch.TestDispatchMaintenance" name="test_dispatch_requires_auth" time="0.065" /><testcase classname="tests.test_maintenance_dispatch.TestDispatchMaintenance" name="test_dispatch_missing_fields_returns_400" time="0.048" /><testcase classname="tests.test_maintenance_dispatch.TestDispatchMaintenance" name="test_dispatch_missing_request_id_returns_400" time="0.043" /><testcase classname="tests.test_maintenance_dispatch.TestDispatchMaintenance" name="test_dispatch_invalid_provider_returns_404" time="0.048" /><testcase classname="tests.test_maintenance_dispatch.TestDispatchMaintenance" name="test_dispatch_invalid_request_returns_404" time="0.060" /><testcase classname="tests.test_maintenance_dispatch.TestDispatchMaintenance" name="test_dispatch_success_full_flow" time="0.400" /><testcase classname="tests.test_maintenance_dispatch.TestEndToEndJourney" name="test_full_tenant_to_dispatch_flow" time="1.283" /></testsuite></testsuites>