<?xml version="1.0" encoding="utf-8"?><testsuites name="pytest tests"><testsuite name="pytest" errors="0" failures="0" skipped="0" tests="24" time="3.038" timestamp="2026-06-30T03:04:24.950700+00:00" hostname="agent-env-8cc79df2-b269-48cb-8665-4495aaa848d1"><testcase classname="tests.test_provider_payments.TestPaymentsAuth" name="test_create_payment_requires_auth" time="0.897" /><testcase classname="tests.test_provider_payments.TestPaymentsAuth" name="test_list_provider_payments_requires_auth" time="0.038" /><testcase classname="tests.test_provider_payments.TestPaymentsAuth" name="test_list_all_payments_requires_auth" time="0.039" /><testcase classname="tests.test_provider_payments.TestPaymentsAuth" name="test_patch_payment_requires_auth" time="0.038" /><testcase classname="tests.test_provider_payments.TestPaymentsAuth" name="test_delete_payment_requires_auth" time="0.038" /><testcase classname="tests.test_provider_payments.TestPaymentsAuth" name="test_stats_requires_auth" time="0.040" /><testcase classname="tests.test_provider_payments.TestPaymentValidation" name="test_invalid_method_returns_422" time="0.038" /><testcase classname="tests.test_provider_payments.TestPaymentValidation" name="test_zero_amount_returns_422" time="0.040" /><testcase classname="tests.test_provider_payments.TestPaymentValidation" name="test_negative_amount_returns_422" time="0.039" /><testcase classname="tests.test_provider_payments.TestPaymentValidation" name="test_invalid_status_returns_422" time="0.039" /><testcase classname="tests.test_provider_payments.TestPaymentLifecycle" name="test_01_create_cash_paid_payment" time="0.235" /><testcase classname="tests.test_provider_payments.TestPaymentLifecycle" name="test_02_create_zelle_pending_payment" time="0.140" /><testcase classname="tests.test_provider_payments.TestPaymentLifecycle" name="test_03_list_provider_payments" time="0.056" /><testcase classname="tests.test_provider_payments.TestPaymentLifecycle" name="test_04_cross_provider_ledger_no_filters" time="0.044" /><testcase classname="tests.test_provider_payments.TestPaymentLifecycle" name="test_05_cross_provider_ledger_method_filter" time="0.044" /><testcase classname="tests.test_provider_payments.TestPaymentLifecycle" name="test_06_cross_provider_ledger_status_filter" time="0.049" /><testcase classname="tests.test_provider_payments.TestPaymentLifecycle" name="test_07_cross_provider_ledger_date_range" time="0.096" /><testcase classname="tests.test_provider_payments.TestPaymentLifecycle" name="test_08_patch_zelle_pending_to_paid" time="0.144" /><testcase classname="tests.test_provider_payments.TestPaymentLifecycle" name="test_09_patch_zelle_paid_to_cancelled" time="0.148" /><testcase classname="tests.test_provider_payments.TestPaymentLifecycle" name="test_10_delete_cash_payment" time="0.216" /><testcase classname="tests.test_provider_payments.TestPaymentLifecycle" name="test_11_patch_not_found_returns_404" time="0.043" /><testcase classname="tests.test_provider_payments.TestPaymentLifecycle" name="test_12_delete_not_found_returns_404" time="0.042" /><testcase classname="tests.test_provider_payments.TestPaymentStats" name="test_stats_response_shape" time="0.043" /><testcase classname="tests.test_provider_payments.TestPaymentNotification" name="test_notify_provider_true_still_returns_200" time="0.365" /></testsuite></testsuites>