<?xml version="1.0" encoding="utf-8"?><testsuites name="pytest tests"><testsuite name="pytest" errors="0" failures="0" skipped="0" tests="5" time="1.354" timestamp="2026-07-02T00:41:32.689451+00:00" hostname="agent-env-8cc79df2-b269-48cb-8665-4495aaa848d1"><testcase classname="tests.test_mobile_captcha_optional.TestMobileCaptchaOptional" name="test_marketplace_register_without_captcha_should_succeed" time="0.570" /><testcase classname="tests.test_mobile_captcha_optional.TestMobileCaptchaOptional" name="test_forgot_password_without_captcha_should_succeed" time="0.066" /><testcase classname="tests.test_mobile_captcha_optional.TestMobileCaptchaOptional" name="test_rental_phone_send_otp_without_captcha_should_succeed" time="0.418" /><testcase classname="tests.test_mobile_captcha_optional.TestWebCaptchaStillRequired" name="test_admin_login_step1_without_captcha_should_reject" time="0.065" /><testcase classname="tests.test_mobile_captcha_optional.TestWebCaptchaStillRequired" name="test_admin_login_step1_with_captcha_token_progresses" time="0.092" /></testsuite></testsuites>