<?xml version="1.0" encoding="utf-8"?><testsuites name="pytest tests"><testsuite name="pytest" errors="0" failures="0" skipped="3" tests="46" time="9.625" timestamp="2026-08-07T02:36:32.826234+00:00" hostname="agent-env-8cc79df2-b269-48cb-8665-4495aaa848d1"><testcase classname="backend.tests.test_ross_house_full_profiles.TestAdminDashboardAPI" name="test_admin_gets_return_200[/api/admin/rental-contracts]" time="0.484" /><testcase classname="backend.tests.test_ross_house_full_profiles.TestAdminDashboardAPI" name="test_admin_gets_return_200[/api/admin/properties]" time="0.133" /><testcase classname="backend.tests.test_ross_house_full_profiles.TestAdminDashboardAPI" name="test_admin_gets_return_200[/api/admin/tenants]" time="0.129" /><testcase classname="backend.tests.test_ross_house_full_profiles.TestAdminDashboardAPI" name="test_admin_gets_return_200[/api/admin/drip/config]" time="0.121" /><testcase classname="backend.tests.test_ross_house_full_profiles.TestAdminDashboardAPI" name="test_admin_gets_return_200[/api/admin/drip/templates]" time="0.136" /><testcase classname="backend.tests.test_ross_house_full_profiles.TestAdminDashboardAPI" name="test_admin_gets_return_200[/api/admin/deal-finder/leads]" time="0.133" /><testcase classname="backend.tests.test_ross_house_full_profiles.TestAdminDashboardAPI" name="test_admin_gets_return_200[/api/admin/service-providers]" time="0.113" /><testcase classname="backend.tests.test_ross_house_full_profiles.TestAdminDashboardAPI" name="test_admin_gets_return_200[/api/admin/service-providers/stats]" time="0.118" /><testcase classname="backend.tests.test_ross_house_full_profiles.TestAdminDashboardAPI" name="test_admin_gets_return_200[/api/admin/owners]" time="0.125" /><testcase classname="backend.tests.test_ross_house_full_profiles.TestAdminDashboardAPI" name="test_admin_gets_return_200[/api/admin/tenant-leads]" time="0.112" /><testcase classname="backend.tests.test_ross_house_full_profiles.TestAdminDashboardAPI" name="test_admin_gets_return_200[/api/admin/provider-payments/stats]" time="0.107" /><testcase classname="backend.tests.test_ross_house_full_profiles.TestAdminDashboardAPI" name="test_admin_no_token_is_rejected" time="0.319" /><testcase classname="backend.tests.test_ross_house_full_profiles.TestTenantAPI" name="test_tenant_signatures_pending" time="0.426" /><testcase classname="backend.tests.test_ross_house_full_profiles.TestTenantAPI" name="test_tenant_service_providers" time="0.247" /><testcase classname="backend.tests.test_ross_house_full_profiles.TestTenantAPI" name="test_tenant_marketplace_me" time="0.104" /><testcase classname="backend.tests.test_ross_house_full_profiles.TestTenantAPI" name="test_tenant_token_cannot_access_admin[/api/admin/rental-contracts]" time="0.104" /><testcase classname="backend.tests.test_ross_house_full_profiles.TestTenantAPI" name="test_tenant_token_cannot_access_admin[/api/admin/properties]" time="0.105" /><testcase classname="backend.tests.test_ross_house_full_profiles.TestTenantAPI" name="test_tenant_token_cannot_access_admin[/api/admin/owners]" time="0.105" /><testcase classname="backend.tests.test_ross_house_full_profiles.TestGuestRegistration" name="test_1_register_guest" time="0.577" /><testcase classname="backend.tests.test_ross_house_full_profiles.TestGuestRegistration" name="test_2_role_tenant_downgraded_to_guest" time="0.341" /><testcase classname="backend.tests.test_ross_house_full_profiles.TestGuestRegistration" name="test_3_guest_login_ok" time="0.303" /><testcase classname="backend.tests.test_ross_house_full_profiles.TestGuestRegistration" name="test_4_guest_cannot_access_admin" time="0.316" /><testcase classname="backend.tests.test_ross_house_full_profiles.TestBuyerRegistration" name="test_1_register_buyer" time="0.347" /><testcase classname="backend.tests.test_ross_house_full_profiles.TestBuyerRegistration" name="test_2_buyer_login_ok" time="0.340" /><testcase classname="backend.tests.test_ross_house_full_profiles.TestBuyerRegistration" name="test_3_buyer_cannot_access_admin_or_tenant_areas" time="0.127" /><testcase classname="backend.tests.test_ross_house_full_profiles.TestLandlord" name="test_1_admin_creates_owner" time="0.314" /><testcase classname="backend.tests.test_ross_house_full_profiles.TestLandlord" name="test_2_owner_can_login" time="0.301" /><testcase classname="backend.tests.test_ross_house_full_profiles.TestLandlord" name="test_3_owner_dashboard" time="0.115" /><testcase classname="backend.tests.test_ross_house_full_profiles.TestLandlord" name="test_4_owner_banking_roundtrip" time="0.217" /><testcase classname="backend.tests.test_ross_house_full_profiles.TestLandlord" name="test_5_owner_cannot_access_admin" time="0.104" /><testcase classname="backend.tests.test_ross_house_full_profiles.TestServiceProvider" name="test_1_public_register_provider" time="0.102"><skipped type="pytest.skip" message="Turnstile captcha enforced in prod — cannot register provider from headless test (expected behavior).">/app/backend/tests/test_ross_house_full_profiles.py:333: Turnstile captcha enforced in prod — cannot register provider from headless test (expected behavior).</skipped></testcase><testcase classname="backend.tests.test_ross_house_full_profiles.TestServiceProvider" name="test_2_public_services_list" time="0.103" /><testcase classname="backend.tests.test_ross_house_full_profiles.TestServiceProvider" name="test_3_public_check_provider" time="0.000"><skipped type="pytest.skip" message="provider not created (captcha) — cannot verify check">/app/backend/tests/test_ross_house_full_profiles.py:350: provider not created (captcha) — cannot verify check</skipped></testcase><testcase classname="backend.tests.test_ross_house_full_profiles.TestServiceProvider" name="test_4_admin_sees_provider" time="0.000"><skipped type="pytest.skip" message="provider not created (captcha) — cannot verify admin listing">/app/backend/tests/test_ross_house_full_profiles.py:358: provider not created (captcha) — cannot verify admin listing</skipped></testcase><testcase classname="backend.tests.test_ross_house_full_profiles.TestPublic" name="test_1_blog_posts_list" time="0.115" /><testcase classname="backend.tests.test_ross_house_full_profiles.TestPublic" name="test_2_blog_post_detail" time="0.105" /><testcase classname="backend.tests.test_ross_house_full_profiles.TestPublic" name="test_3_post_comment_then_admin_deletes" time="0.227" /><testcase classname="backend.tests.test_ross_house_full_profiles.TestPublic" name="test_4_newsletter_subscribe" time="0.125" /><testcase classname="backend.tests.test_ross_house_full_profiles.TestPublic" name="test_5_public_properties" time="0.110" /><testcase classname="backend.tests.test_ross_house_full_profiles.TestSecurityGuards" name="test_no_token_rejected[/api/admin/rental-contracts]" time="0.104" /><testcase classname="backend.tests.test_ross_house_full_profiles.TestSecurityGuards" name="test_no_token_rejected[/api/admin/properties]" time="0.102" /><testcase classname="backend.tests.test_ross_house_full_profiles.TestSecurityGuards" name="test_no_token_rejected[/api/admin/owners]" time="0.101" /><testcase classname="backend.tests.test_ross_house_full_profiles.TestSecurityGuards" name="test_no_token_rejected[/api/admin/service-providers]" time="0.124" /><testcase classname="backend.tests.test_ross_house_full_profiles.TestSecurityGuards" name="test_no_token_rejected[/api/signatures/pending]" time="0.102" /><testcase classname="backend.tests.test_ross_house_full_profiles.TestSecurityGuards" name="test_no_token_rejected[/api/tenant/service-providers]" time="0.103" /><testcase classname="backend.tests.test_ross_house_full_profiles.TestSecurityGuards" name="test_no_token_rejected[/api/owner/dashboard]" time="1.434" /></testsuite></testsuites>