<?xml version="1.0" encoding="utf-8"?><testsuites name="pytest tests"><testsuite name="pytest" errors="0" failures="0" skipped="0" tests="14" time="10.935" timestamp="2026-08-08T03:08:33.888125+00:00" hostname="agent-env-8cc79df2-b269-48cb-8665-4495aaa848d1"><testcase classname="backend.tests.test_1099_w9_flow" name="test_1_summary_reports_provider_totals" time="0.727" /><testcase classname="backend.tests.test_1099_w9_flow" name="test_2_pdf_generation_official_1099nec" time="0.254" /><testcase classname="backend.tests.test_1099_w9_flow" name="test_3_threshold_alert_triggers_and_auto_requests_w9" time="5.176" /><testcase classname="backend.tests.test_1099_w9_flow" name="test_4a_public_w9_get_invalid_token" time="0.031" /><testcase classname="backend.tests.test_1099_w9_flow" name="test_4b_public_w9_get_valid_token" time="0.071" /><testcase classname="backend.tests.test_1099_w9_flow" name="test_4c_public_w9_post_invalid_tin" time="0.058" /><testcase classname="backend.tests.test_1099_w9_flow" name="test_4d_public_w9_post_valid" time="0.330" /><testcase classname="backend.tests.test_1099_w9_flow" name="test_5a_w9_reminder_sends_second_notice" time="0.330" /><testcase classname="backend.tests.test_1099_w9_flow" name="test_5b_w9_reminder_escalates_after_3_sends" time="0.428" /><testcase classname="backend.tests.test_1099_w9_flow" name="test_6_copyb_config_get_and_toggle" time="0.282" /><testcase classname="backend.tests.test_1099_w9_flow" name="test_7_copyb_send_batch" time="2.115" /><testcase classname="backend.tests.test_1099_w9_flow" name="test_8_deadline_reminder" time="0.324" /><testcase classname="backend.tests.test_1099_w9_flow" name="test_9_manual_request_w9" time="0.474" /><testcase classname="backend.tests.test_1099_w9_flow" name="test_10_summary_requires_admin_auth" time="0.155" /></testsuite></testsuites>