<?xml version="1.0" encoding="utf-8"?><testsuites name="pytest tests"><testsuite name="pytest" errors="0" failures="0" skipped="0" tests="57" time="9.071" timestamp="2026-06-30T01:44:07.479119+00:00" hostname="agent-env-8cc79df2-b269-48cb-8665-4495aaa848d1"><testcase classname="tests.test_tenant_waitlist.TestPublicLeads" name="test_create_lead_success" time="0.624" /><testcase classname="tests.test_tenant_waitlist.TestPublicLeads" name="test_create_duplicate_returns_is_new_false" time="0.301" /><testcase classname="tests.test_tenant_waitlist.TestPublicLeads" name="test_create_invalid_email" time="0.040" /><testcase classname="tests.test_tenant_waitlist.TestPublicLeads" name="test_create_invalid_phone_too_short" time="0.041" /><testcase classname="tests.test_tenant_waitlist.TestPublicLeads" name="test_check_existing_lead" time="0.053" /><testcase classname="tests.test_tenant_waitlist.TestPublicLeads" name="test_check_nonexistent_lead" time="0.041" /><testcase classname="tests.test_tenant_waitlist.TestAdminLeads" name="test_admin_login_sets_cookie" time="0.298" /><testcase classname="tests.test_tenant_waitlist.TestAdminLeads" name="test_admin_list_includes_qa_lead" time="0.054" /><testcase classname="tests.test_tenant_waitlist.TestAdminLeads" name="test_admin_stats" time="0.047" /><testcase classname="tests.test_tenant_waitlist.TestAdminLeads" name="test_admin_filter_by_status_and_bedrooms" time="0.050" /><testcase classname="tests.test_tenant_waitlist.TestAdminLeads" name="test_admin_patch_status_to_contacted" time="0.053" /><testcase classname="tests.test_tenant_waitlist.TestAdminLeads" name="test_admin_patch_invalid_status" time="0.043" /><testcase classname="tests.test_tenant_waitlist.TestAdminLeads" name="test_admin_get_settings" time="0.059" /><testcase classname="tests.test_tenant_waitlist.TestAdminLeads" name="test_admin_update_settings_toggle_email" time="0.167" /><testcase classname="tests.test_tenant_waitlist.TestAdminLeads" name="test_admin_export_csv" time="0.044" /><testcase classname="tests.test_tenant_waitlist.TestAdminLeads" name="test_admin_notify_lead" time="0.127" /><testcase classname="tests.test_tenant_waitlist.TestAdminLeads" name="test_admin_delete_lead" time="0.098" /><testcase classname="tests.test_tenant_waitlist.TestAdminLeads" name="test_admin_endpoints_require_auth" time="0.065" /><testcase classname="tests.test_service_providers.TestPublicProviders" name="test_get_services_list" time="0.101" /><testcase classname="tests.test_service_providers.TestPublicProviders" name="test_create_provider_success" time="0.362" /><testcase classname="tests.test_service_providers.TestPublicProviders" name="test_create_duplicate_returns_is_new_false" time="0.281" /><testcase classname="tests.test_service_providers.TestPublicProviders" name="test_create_invalid_email" time="0.038" /><testcase classname="tests.test_service_providers.TestPublicProviders" name="test_create_invalid_service" time="0.038" /><testcase classname="tests.test_service_providers.TestPublicProviders" name="test_create_invalid_phone_too_short" time="0.037" /><testcase classname="tests.test_service_providers.TestPublicProviders" name="test_check_existing_provider" time="0.040" /><testcase classname="tests.test_service_providers.TestAdminProviders" name="test_admin_login_returns_bearer" time="0.289" /><testcase classname="tests.test_service_providers.TestAdminProviders" name="test_admin_endpoints_require_auth" time="0.061" /><testcase classname="tests.test_service_providers.TestAdminProviders" name="test_admin_list_includes_qa_provider" time="0.047" /><testcase classname="tests.test_service_providers.TestAdminProviders" name="test_admin_stats" time="0.051" /><testcase classname="tests.test_service_providers.TestAdminProviders" name="test_admin_filter_by_service" time="0.053" /><testcase classname="tests.test_service_providers.TestAdminProviders" name="test_admin_filter_by_status_pending_review" time="0.050" /><testcase classname="tests.test_service_providers.TestAdminProviders" name="test_admin_search" time="0.054" /><testcase classname="tests.test_service_providers.TestAdminProviders" name="test_admin_patch_status_to_active" time="0.050" /><testcase classname="tests.test_service_providers.TestAdminProviders" name="test_admin_patch_invalid_status" time="0.043" /><testcase classname="tests.test_service_providers.TestAdminProviders" name="test_admin_patch_featured_and_notes" time="0.104" /><testcase classname="tests.test_service_providers.TestAdminProviders" name="test_admin_dispatch_job" time="0.171" /><testcase classname="tests.test_service_providers.TestAdminProviders" name="test_admin_rate_provider" time="0.162" /><testcase classname="tests.test_service_providers.TestAdminProviders" name="test_admin_export_csv" time="0.045" /><testcase classname="tests.test_service_providers.TestAdminProviders" name="test_admin_get_settings" time="0.050" /><testcase classname="tests.test_service_providers.TestAdminProviders" name="test_admin_update_settings_toggle_email" time="0.175" /><testcase classname="tests.test_service_providers.TestAdminProviders" name="test_admin_delete_provider" time="0.093" /><testcase classname="tests.test_maintenance_dispatch.TestMatchForMaintenance" name="test_match_404_on_missing" time="0.361" /><testcase classname="tests.test_maintenance_dispatch.TestMatchForMaintenance" name="test_match_requires_auth" time="0.062" /><testcase classname="tests.test_maintenance_dispatch.TestMatchForMaintenance" name="test_match_returns_request_envelope" time="1.012" /><testcase classname="tests.test_maintenance_dispatch.TestCategoryMapping" name="test_category_maps_correctly[plumbing-expected0]" time="0.110" /><testcase classname="tests.test_maintenance_dispatch.TestCategoryMapping" name="test_category_maps_correctly[electrical-expected1]" time="0.127" /><testcase classname="tests.test_maintenance_dispatch.TestCategoryMapping" name="test_category_maps_correctly[hvac-expected2]" time="0.111" /><testcase classname="tests.test_maintenance_dispatch.TestCategoryMapping" name="test_category_maps_correctly[painting-expected3]" time="0.152" /><testcase classname="tests.test_maintenance_dispatch.TestCategoryMapping" name="test_category_maps_correctly[roof-expected4]" time="0.114" /><testcase classname="tests.test_maintenance_dispatch.TestCategoryMapping" name="test_category_fallback_to_handyman_when_empty" time="0.121" /><testcase classname="tests.test_maintenance_dispatch.TestDispatchMaintenance" name="test_dispatch_requires_auth" time="0.061" /><testcase classname="tests.test_maintenance_dispatch.TestDispatchMaintenance" name="test_dispatch_missing_fields_returns_400" time="0.058" /><testcase classname="tests.test_maintenance_dispatch.TestDispatchMaintenance" name="test_dispatch_missing_request_id_returns_400" time="0.042" /><testcase classname="tests.test_maintenance_dispatch.TestDispatchMaintenance" name="test_dispatch_invalid_provider_returns_404" time="0.047" /><testcase classname="tests.test_maintenance_dispatch.TestDispatchMaintenance" name="test_dispatch_invalid_request_returns_404" time="0.046" /><testcase classname="tests.test_maintenance_dispatch.TestDispatchMaintenance" name="test_dispatch_success_full_flow" time="0.445" /><testcase classname="tests.test_maintenance_dispatch.TestEndToEndJourney" name="test_full_tenant_to_dispatch_flow" time="1.437" /></testsuite></testsuites>