<?xml version="1.0" encoding="utf-8"?><testsuites name="pytest tests"><testsuite name="pytest" errors="0" failures="1" skipped="0" tests="34" time="7.308" timestamp="2026-06-20T18:17:44.314935+00:00" hostname="agent-env-8cc79df2-b269-48cb-8665-4495aaa848d1"><testcase classname="backend.tests.test_investor_portal_features.TestSetup" name="test_00_admin_login" time="0.462" /><testcase classname="backend.tests.test_investor_portal_features.TestSetup" name="test_01_create_deal" time="0.146" /><testcase classname="backend.tests.test_investor_portal_features.TestSetup" name="test_02_create_empty_deal_no_investments" time="0.100" /><testcase classname="backend.tests.test_investor_portal_features.TestSetup" name="test_03_add_investor1" time="0.598" /><testcase classname="backend.tests.test_investor_portal_features.TestSetup" name="test_04_add_investor2_for_403_test" time="0.585" /><testcase classname="backend.tests.test_investor_portal_features.TestSetup" name="test_05_reset_investor1_password" time="0.409" /><testcase classname="backend.tests.test_investor_portal_features.TestSetup" name="test_06_reset_investor2_password" time="0.405" /><testcase classname="backend.tests.test_investor_portal_features.TestF1ForgotPassword" name="test_07_forgot_nonexistent_email_returns_200" time="0.091" /><testcase classname="backend.tests.test_investor_portal_features.TestF1ForgotPassword" name="test_08_forgot_real_email_returns_masked" time="0.239" /><testcase classname="backend.tests.test_investor_portal_features.TestF1ForgotPassword" name="test_09_reset_with_wrong_code_returns_400" time="0.097" /><testcase classname="backend.tests.test_investor_portal_features.TestF1ForgotPassword" name="test_10_reset_short_password_returns_400" time="0.085" /><testcase classname="backend.tests.test_investor_portal_features.TestF1ForgotPassword" name="test_11_reset_missing_fields_returns_400" time="0.087" /><testcase classname="backend.tests.test_investor_portal_features.TestF2Waterfall" name="test_12_waterfall_happy_path" time="0.100" /><testcase classname="backend.tests.test_investor_portal_features.TestF2Waterfall" name="test_13_waterfall_invalid_exit_value" time="0.095" /><testcase classname="backend.tests.test_investor_portal_features.TestF2Waterfall" name="test_14_waterfall_zero_exit_value" time="0.095" /><testcase classname="backend.tests.test_investor_portal_features.TestF2Waterfall" name="test_15_waterfall_no_auth" time="0.088" /><testcase classname="backend.tests.test_investor_portal_features.TestF2Waterfall" name="test_16_waterfall_no_investments" time="0.107" /><testcase classname="backend.tests.test_investor_portal_features.TestF3CapTablePDF" name="test_17_cap_table_pdf_success" time="0.131" /><testcase classname="backend.tests.test_investor_portal_features.TestF3CapTablePDF" name="test_18_cap_table_pdf_no_auth" time="0.088" /><testcase classname="backend.tests.test_investor_portal_features.TestF3CapTablePDF" name="test_19_cap_table_pdf_nonexistent_deal" time="0.096" /><testcase classname="backend.tests.test_investor_portal_features.TestF4SubscriptionSign" name="test_20_login_investor1" time="0.412" /><testcase classname="backend.tests.test_investor_portal_features.TestF4SubscriptionSign" name="test_21_login_investor2" time="0.430" /><testcase classname="backend.tests.test_investor_portal_features.TestF4SubscriptionSign" name="test_22_sign_subscription_first_time" time="0.130" /><testcase classname="backend.tests.test_investor_portal_features.TestF4SubscriptionSign" name="test_23_sign_subscription_already_signed" time="0.113" /><testcase classname="backend.tests.test_investor_portal_features.TestF4SubscriptionSign" name="test_24_sign_other_investor_returns_403" time="0.097" /><testcase classname="backend.tests.test_investor_portal_features.TestF4SubscriptionSign" name="test_25_admin_patch_documents_signed_triggers_receipt" time="0.266"><failure message="AssertionError: signed_at not populated after admin sign: {'id': '6a36d94aec42eabb00bd6478', 'deal_id': '6a36d949ec42eabb00bd6473', 'deal_name': 'Iter5 OTP Deal', 'investor_id': '6a36d94aec42eabb00bd6477', 'investor_name': 'Other Investor', 'investor_email': 'otp.other@rosshouse.com', 'investor_phone': '', 'amount': 50000.0, 'equity_percent': 33.3333, 'status': 'active', 'subscription_date': '2026-06-20T18:17:46.216000', 'funding_date': '', 'documents_signed': True, 'notes': '', 'total_distributions_received': 0, 'created_at': '2026-06-20T18:17:46.216000'}&#10;assert None&#10; +  where None = &lt;built-in method get of dict object at 0xf992853b8980&gt;('signed_at')&#10; +    where &lt;built-in method get of dict object at 0xf992853b8980&gt; = {'amount': 50000.0, 'created_at': '2026-06-20T18:17:46.216000', 'deal_id': '6a36d949ec42eabb00bd6473', 'deal_name': 'Iter5 OTP Deal', ...}.get">backend/tests/test_investor_portal_features.py:398: in test_25_admin_patch_documents_signed_triggers_receipt
    assert inv2.get("signed_at"), f"signed_at not populated after admin sign: {inv2}"
E   AssertionError: signed_at not populated after admin sign: {'id': '6a36d94aec42eabb00bd6478', 'deal_id': '6a36d949ec42eabb00bd6473', 'deal_name': 'Iter5 OTP Deal', 'investor_id': '6a36d94aec42eabb00bd6477', 'investor_name': 'Other Investor', 'investor_email': 'otp.other@rosshouse.com', 'investor_phone': '', 'amount': 50000.0, 'equity_percent': 33.3333, 'status': 'active', 'subscription_date': '2026-06-20T18:17:46.216000', 'funding_date': '', 'documents_signed': True, 'notes': '', 'total_distributions_received': 0, 'created_at': '2026-06-20T18:17:46.216000'}
E   assert None
E    +  where None = &lt;built-in method get of dict object at 0xf992853b8980&gt;('signed_at')
E    +    where &lt;built-in method get of dict object at 0xf992853b8980&gt; = {'amount': 50000.0, 'created_at': '2026-06-20T18:17:46.216000', 'deal_id': '6a36d949ec42eabb00bd6473', 'deal_name': 'Iter5 OTP Deal', ...}.get</failure></testcase><testcase classname="backend.tests.test_investor_portal_features.TestRegression" name="test_26_admin_login_still_works" time="0.397" /><testcase classname="backend.tests.test_investor_portal_features.TestRegression" name="test_27_investor_login_with_bcrypt_temp_pw" time="0.410" /><testcase classname="backend.tests.test_investor_portal_features.TestRegression" name="test_28_investor_dashboard_regression" time="0.111" /><testcase classname="backend.tests.test_investor_portal_features.TestRegression" name="test_29_investor_deals_regression" time="0.104" /><testcase classname="backend.tests.test_investor_portal_features.TestZCleanup" name="test_90_delete_inv1" time="0.140" /><testcase classname="backend.tests.test_investor_portal_features.TestZCleanup" name="test_91_delete_inv2" time="0.126" /><testcase classname="backend.tests.test_investor_portal_features.TestZCleanup" name="test_92_delete_main_deal" time="0.115" /><testcase classname="backend.tests.test_investor_portal_features.TestZCleanup" name="test_93_delete_empty_deal" time="0.105" /></testsuite></testsuites>