<?xml version="1.0" encoding="utf-8"?><testsuites name="pytest tests"><testsuite name="pytest" errors="0" failures="0" skipped="0" tests="9" time="0.404" timestamp="2026-06-25T17:46:36.766113+00:00" hostname="agent-env-8cc79df2-b269-48cb-8665-4495aaa848d1"><testcase classname="tests.test_xcel_greenbutton_fixes" name="test_module_imports_cleanly" time="0.000" /><testcase classname="tests.test_xcel_greenbutton_fixes" name="test_router_exposes_19_routes_including_read_service_status" time="0.000" /><testcase classname="tests.test_xcel_greenbutton_fixes" name="test_admin_scope_default_is_fb_34_35" time="0.000" /><testcase classname="tests.test_xcel_greenbutton_fixes" name="test_client_credentials_token_uses_basic_auth_scope_and_caches" time="0.001" /><testcase classname="tests.test_xcel_greenbutton_fixes" name="test_xcel_sync_connection_posts_and_accepts_202" time="0.003" /><testcase classname="tests.test_xcel_greenbutton_fixes" name="test_parse_espi_feed_extracts_readings_and_summaries" time="0.000" /><testcase classname="tests.test_xcel_greenbutton_fixes" name="test_ingest_espi_xml_persists_to_daily_and_summaries" time="0.001" /><testcase classname="tests.test_xcel_greenbutton_fixes" name="test_xcel_notify_extracts_resources_and_ingests" time="0.002" /><testcase classname="tests.test_xcel_greenbutton_fixes" name="test_xcel_notify_no_resources_returns_zero_and_logs" time="0.001" /></testsuite></testsuites>