<?xml version="1.0" encoding="utf-8"?><testsuites name="pytest tests"><testsuite name="pytest" errors="0" failures="0" skipped="0" tests="8" time="1.609" timestamp="2026-08-10T23:58:05.603424+00:00" hostname="agent-env-8cc79df2-b269-48cb-8665-4495aaa848d1"><testcase classname="backend.tests.test_ross_house_security" name="test_01_admin_login_success" time="0.453" /><testcase classname="backend.tests.test_ross_house_security" name="test_02_sec001_password_bypass_removed" time="0.052" /><testcase classname="backend.tests.test_ross_house_security" name="test_03_sec002_missing_email_returns_generic_401" time="0.326" /><testcase classname="backend.tests.test_ross_house_security" name="test_04_sec002_wrong_password_returns_generic_401" time="0.327" /><testcase classname="backend.tests.test_ross_house_security" name="test_05_sec003_upload_no_token_returns_401" time="0.086" /><testcase classname="backend.tests.test_ross_house_security" name="test_06_sec003_upload_weak_secret_token_rejected" time="0.084" /><testcase classname="backend.tests.test_ross_house_security" name="test_07_cors_evil_origin_blocked" time="0.080" /><testcase classname="backend.tests.test_ross_house_security" name="test_08_cors_prod_origin_allowed" time="0.080" /></testsuite></testsuites>