<?xml version="1.0" encoding="utf-8"?><testsuites name="pytest tests"><testsuite name="pytest" errors="0" failures="0" skipped="0" tests="84" time="12.387" timestamp="2026-06-30T03:11:31.831026+00:00" hostname="agent-env-8cc79df2-b269-48cb-8665-4495aaa848d1"><testcase classname="tests.test_tenant_waitlist.TestPublicLeads" name="test_create_lead_success" time="0.634" /><testcase classname="tests.test_tenant_waitlist.TestPublicLeads" name="test_create_duplicate_returns_is_new_false" time="0.194" /><testcase classname="tests.test_tenant_waitlist.TestPublicLeads" name="test_create_invalid_email" time="0.092" /><testcase classname="tests.test_tenant_waitlist.TestPublicLeads" name="test_create_invalid_phone_too_short" time="0.039" /><testcase classname="tests.test_tenant_waitlist.TestPublicLeads" name="test_check_existing_lead" time="0.060" /><testcase classname="tests.test_tenant_waitlist.TestPublicLeads" name="test_check_nonexistent_lead" time="0.045" /><testcase classname="tests.test_tenant_waitlist.TestAdminLeads" name="test_admin_login_sets_cookie" time="0.307" /><testcase classname="tests.test_tenant_waitlist.TestAdminLeads" name="test_admin_list_includes_qa_lead" time="0.060" /><testcase classname="tests.test_tenant_waitlist.TestAdminLeads" name="test_admin_stats" time="0.045" /><testcase classname="tests.test_tenant_waitlist.TestAdminLeads" name="test_admin_filter_by_status_and_bedrooms" time="0.054" /><testcase classname="tests.test_tenant_waitlist.TestAdminLeads" name="test_admin_patch_status_to_contacted" time="0.048" /><testcase classname="tests.test_tenant_waitlist.TestAdminLeads" name="test_admin_patch_invalid_status" time="0.046" /><testcase classname="tests.test_tenant_waitlist.TestAdminLeads" name="test_admin_get_settings" time="0.046" /><testcase classname="tests.test_tenant_waitlist.TestAdminLeads" name="test_admin_update_settings_toggle_email" time="0.165" /><testcase classname="tests.test_tenant_waitlist.TestAdminLeads" name="test_admin_export_csv" time="0.043" /><testcase classname="tests.test_tenant_waitlist.TestAdminLeads" name="test_admin_notify_lead" time="0.072" /><testcase classname="tests.test_tenant_waitlist.TestAdminLeads" name="test_admin_delete_lead" time="0.093" /><testcase classname="tests.test_tenant_waitlist.TestAdminLeads" name="test_admin_endpoints_require_auth" time="0.064" /><testcase classname="tests.test_service_providers.TestPublicProviders" name="test_get_services_list" time="0.061" /><testcase classname="tests.test_service_providers.TestPublicProviders" name="test_create_provider_success" time="0.217" /><testcase classname="tests.test_service_providers.TestPublicProviders" name="test_create_duplicate_returns_is_new_false" time="0.235" /><testcase classname="tests.test_service_providers.TestPublicProviders" name="test_create_invalid_email" time="0.038" /><testcase classname="tests.test_service_providers.TestPublicProviders" name="test_create_invalid_service" time="0.039" /><testcase classname="tests.test_service_providers.TestPublicProviders" name="test_create_invalid_phone_too_short" time="0.038" /><testcase classname="tests.test_service_providers.TestPublicProviders" name="test_check_existing_provider" time="0.043" /><testcase classname="tests.test_service_providers.TestAdminProviders" name="test_admin_login_returns_bearer" time="0.303" /><testcase classname="tests.test_service_providers.TestAdminProviders" name="test_admin_endpoints_require_auth" time="0.065" /><testcase classname="tests.test_service_providers.TestAdminProviders" name="test_admin_list_includes_qa_provider" time="0.054" /><testcase classname="tests.test_service_providers.TestAdminProviders" name="test_admin_stats" time="0.053" /><testcase classname="tests.test_service_providers.TestAdminProviders" name="test_admin_filter_by_service" time="0.049" /><testcase classname="tests.test_service_providers.TestAdminProviders" name="test_admin_filter_by_status_pending_review" time="0.047" /><testcase classname="tests.test_service_providers.TestAdminProviders" name="test_admin_search" time="0.051" /><testcase classname="tests.test_service_providers.TestAdminProviders" name="test_admin_patch_status_to_active" time="0.048" /><testcase classname="tests.test_service_providers.TestAdminProviders" name="test_admin_patch_invalid_status" time="0.042" /><testcase classname="tests.test_service_providers.TestAdminProviders" name="test_admin_patch_featured_and_notes" time="0.094" /><testcase classname="tests.test_service_providers.TestAdminProviders" name="test_admin_dispatch_job" time="0.133" /><testcase classname="tests.test_service_providers.TestAdminProviders" name="test_admin_rate_provider" time="0.145" /><testcase classname="tests.test_service_providers.TestAdminProviders" name="test_admin_export_csv" time="0.046" /><testcase classname="tests.test_service_providers.TestAdminProviders" name="test_admin_get_settings" time="0.045" /><testcase classname="tests.test_service_providers.TestAdminProviders" name="test_admin_update_settings_toggle_email" time="0.174" /><testcase classname="tests.test_service_providers.TestAdminProviders" name="test_admin_delete_provider" time="0.127" /><testcase classname="tests.test_maintenance_dispatch.TestMatchForMaintenance" name="test_match_404_on_missing" time="0.329" /><testcase classname="tests.test_maintenance_dispatch.TestMatchForMaintenance" name="test_match_requires_auth" time="0.061" /><testcase classname="tests.test_maintenance_dispatch.TestMatchForMaintenance" name="test_match_returns_request_envelope" time="0.807" /><testcase classname="tests.test_maintenance_dispatch.TestCategoryMapping" name="test_category_maps_correctly[plumbing-expected0]" time="0.122" /><testcase classname="tests.test_maintenance_dispatch.TestCategoryMapping" name="test_category_maps_correctly[electrical-expected1]" time="0.114" /><testcase classname="tests.test_maintenance_dispatch.TestCategoryMapping" name="test_category_maps_correctly[hvac-expected2]" time="0.112" /><testcase classname="tests.test_maintenance_dispatch.TestCategoryMapping" name="test_category_maps_correctly[painting-expected3]" time="0.136" /><testcase classname="tests.test_maintenance_dispatch.TestCategoryMapping" name="test_category_maps_correctly[roof-expected4]" time="0.112" /><testcase classname="tests.test_maintenance_dispatch.TestCategoryMapping" name="test_category_fallback_to_handyman_when_empty" time="0.122" /><testcase classname="tests.test_maintenance_dispatch.TestDispatchMaintenance" name="test_dispatch_requires_auth" time="0.085" /><testcase classname="tests.test_maintenance_dispatch.TestDispatchMaintenance" name="test_dispatch_missing_fields_returns_400" time="0.042" /><testcase classname="tests.test_maintenance_dispatch.TestDispatchMaintenance" name="test_dispatch_missing_request_id_returns_400" time="0.040" /><testcase classname="tests.test_maintenance_dispatch.TestDispatchMaintenance" name="test_dispatch_invalid_provider_returns_404" time="0.046" /><testcase classname="tests.test_maintenance_dispatch.TestDispatchMaintenance" name="test_dispatch_invalid_request_returns_404" time="0.044" /><testcase classname="tests.test_maintenance_dispatch.TestDispatchMaintenance" name="test_dispatch_success_full_flow" time="0.356" /><testcase classname="tests.test_maintenance_dispatch.TestEndToEndJourney" name="test_full_tenant_to_dispatch_flow" time="1.142" /><testcase classname="tests.test_maintenance_dispatch.TestZipBasedPrioritization" name="test_zip_match_orders_a_before_c_before_b" time="1.057" /><testcase classname="tests.test_maintenance_dispatch.TestZipBasedPrioritization" name="test_address_without_zip_returns_null_property_zip" time="0.133" /><testcase classname="tests.test_maintenance_dispatch.TestZipBasedPrioritization" name="test_matches_zip_field_present_on_every_provider" time="0.413" /><testcase classname="tests.test_provider_payments.TestPaymentsAuth" name="test_create_payment_requires_auth" time="0.676" /><testcase classname="tests.test_provider_payments.TestPaymentsAuth" name="test_list_provider_payments_requires_auth" time="0.043" /><testcase classname="tests.test_provider_payments.TestPaymentsAuth" name="test_list_all_payments_requires_auth" time="0.039" /><testcase classname="tests.test_provider_payments.TestPaymentsAuth" name="test_patch_payment_requires_auth" time="0.039" /><testcase classname="tests.test_provider_payments.TestPaymentsAuth" name="test_delete_payment_requires_auth" time="0.041" /><testcase classname="tests.test_provider_payments.TestPaymentsAuth" name="test_stats_requires_auth" time="0.038" /><testcase classname="tests.test_provider_payments.TestPaymentValidation" name="test_invalid_method_returns_422" time="0.041" /><testcase classname="tests.test_provider_payments.TestPaymentValidation" name="test_zero_amount_returns_422" time="0.037" /><testcase classname="tests.test_provider_payments.TestPaymentValidation" name="test_negative_amount_returns_422" time="0.038" /><testcase classname="tests.test_provider_payments.TestPaymentValidation" name="test_invalid_status_returns_422" time="0.039" /><testcase classname="tests.test_provider_payments.TestPaymentLifecycle" name="test_01_create_cash_paid_payment" time="0.173" /><testcase classname="tests.test_provider_payments.TestPaymentLifecycle" name="test_02_create_zelle_pending_payment" time="0.154" /><testcase classname="tests.test_provider_payments.TestPaymentLifecycle" name="test_03_list_provider_payments" time="0.043" /><testcase classname="tests.test_provider_payments.TestPaymentLifecycle" name="test_04_cross_provider_ledger_no_filters" time="0.059" /><testcase classname="tests.test_provider_payments.TestPaymentLifecycle" name="test_05_cross_provider_ledger_method_filter" time="0.053" /><testcase classname="tests.test_provider_payments.TestPaymentLifecycle" name="test_06_cross_provider_ledger_status_filter" time="0.044" /><testcase classname="tests.test_provider_payments.TestPaymentLifecycle" name="test_07_cross_provider_ledger_date_range" time="0.091" /><testcase classname="tests.test_provider_payments.TestPaymentLifecycle" name="test_08_patch_zelle_pending_to_paid" time="0.165" /><testcase classname="tests.test_provider_payments.TestPaymentLifecycle" name="test_09_patch_zelle_paid_to_cancelled" time="0.170" /><testcase classname="tests.test_provider_payments.TestPaymentLifecycle" name="test_10_delete_cash_payment" time="0.211" /><testcase classname="tests.test_provider_payments.TestPaymentLifecycle" name="test_11_patch_not_found_returns_404" time="0.047" /><testcase classname="tests.test_provider_payments.TestPaymentLifecycle" name="test_12_delete_not_found_returns_404" time="0.043" /><testcase classname="tests.test_provider_payments.TestPaymentStats" name="test_stats_response_shape" time="0.043" /><testcase classname="tests.test_provider_payments.TestPaymentNotification" name="test_notify_provider_true_still_returns_200" time="0.333" /></testsuite></testsuites>