<?xml version="1.0" encoding="utf-8"?><testsuites name="pytest tests"><testsuite name="pytest" errors="0" failures="0" skipped="0" tests="14" time="3.149" timestamp="2026-06-20T22:37:34.705086+00:00" hostname="agent-env-8cc79df2-b269-48cb-8665-4495aaa848d1"><testcase classname="backend.tests.test_marketplace_landlord_kyc.TestLandlordRegister" name="test_01_register_success" time="0.821" /><testcase classname="backend.tests.test_marketplace_landlord_kyc.TestLandlordRegister" name="test_02_register_duplicate_email_409" time="0.067" /><testcase classname="backend.tests.test_marketplace_landlord_kyc.TestLandlordRegister" name="test_03_register_short_password_400" time="0.061" /><testcase classname="backend.tests.test_marketplace_landlord_kyc.TestLandlordRegister" name="test_04_register_missing_fields_400" time="0.061" /><testcase classname="backend.tests.test_marketplace_landlord_kyc.TestMarketplaceCommissions" name="test_05_unauthorized_no_token" time="0.061" /><testcase classname="backend.tests.test_marketplace_landlord_kyc.TestMarketplaceCommissions" name="test_06_authorized_returns_landlords_and_totals" time="0.505" /><testcase classname="backend.tests.test_marketplace_landlord_kyc.TestMarketplaceCommissions" name="test_07_landlord_row_schema" time="0.128" /><testcase classname="backend.tests.test_marketplace_landlord_kyc.TestCommissionReportPdf" name="test_08_unauthorized" time="0.177" /><testcase classname="backend.tests.test_marketplace_landlord_kyc.TestCommissionReportPdf" name="test_09_invalid_id_400" time="0.068" /><testcase classname="backend.tests.test_marketplace_landlord_kyc.TestCommissionReportPdf" name="test_10_nonexistent_landlord_404" time="0.071" /><testcase classname="backend.tests.test_marketplace_landlord_kyc.TestCommissionReportPdf" name="test_11_generate_pdf_for_new_landlord" time="0.253" /><testcase classname="backend.tests.test_marketplace_landlord_kyc.TestStripeConnectPayoutErrorPath" name="test_12_unauthorized" time="0.181" /><testcase classname="backend.tests.test_marketplace_landlord_kyc.TestStripeConnectPayoutErrorPath" name="test_13_no_stripe_account_error" time="0.194" /><testcase classname="backend.tests.test_marketplace_landlord_kyc.TestZCleanup" name="test_99_cleanup_landlord" time="0.309" /></testsuite></testsuites>