<?xml version="1.0" encoding="utf-8"?><testsuites name="pytest tests"><testsuite name="pytest" errors="0" failures="0" skipped="0" tests="14" time="2.230" timestamp="2026-08-11T02:33:19.153234+00:00" hostname="agent-env-8cc79df2-b269-48cb-8665-4495aaa848d1"><testcase classname="backend.tests.test_api_keys_manager" name="test_list_api_keys_returns_groups" time="0.367" /><testcase classname="backend.tests.test_api_keys_manager" name="test_lob_api_key_masked_and_from_db" time="0.077" /><testcase classname="backend.tests.test_api_keys_manager" name="test_non_secret_key_shown_in_full" time="0.066" /><testcase classname="backend.tests.test_api_keys_manager" name="test_put_twilio_auth_token_success" time="0.105" /><testcase classname="backend.tests.test_api_keys_manager" name="test_list_after_put_shows_twilio_from_db" time="0.066" /><testcase classname="backend.tests.test_api_keys_manager" name="test_reveal_returns_plaintext" time="0.102" /><testcase classname="backend.tests.test_api_keys_manager" name="test_encryption_at_rest_fernet_ciphertext" time="0.476" /><testcase classname="backend.tests.test_api_keys_manager" name="test_delete_twilio_auth_token" time="0.111" /><testcase classname="backend.tests.test_api_keys_manager" name="test_list_after_delete_twilio" time="0.075" /><testcase classname="backend.tests.test_api_keys_manager" name="test_list_without_token_401" time="0.003" /><testcase classname="backend.tests.test_api_keys_manager" name="test_put_empty_value_400" time="0.034" /><testcase classname="backend.tests.test_api_keys_manager" name="test_put_unknown_key_404" time="0.039" /><testcase classname="backend.tests.test_api_keys_manager" name="test_reveal_unknown_key_404" time="0.047" /><testcase classname="backend.tests.test_api_keys_manager" name="test_audit_log_contains_actions" time="0.464" /></testsuite></testsuites>