<?xml version="1.0" encoding="utf-8"?><testsuites name="pytest tests"><testsuite name="pytest" errors="0" failures="0" skipped="0" tests="21" time="0.412" timestamp="2026-06-25T19:06:41.692939+00:00" hostname="agent-env-8cc79df2-b269-48cb-8665-4495aaa848d1"><testcase classname="tests.test_clean_env" name="test_clean_env_strips_leading_trailing_whitespace" time="0.000" /><testcase classname="tests.test_clean_env" name="test_clean_env_truncates_at_middle_newline" time="0.000" /><testcase classname="tests.test_clean_env" name="test_clean_env_handles_windows_crlf" time="0.000" /><testcase classname="tests.test_clean_env" name="test_clean_env_handles_leading_newline" time="0.000" /><testcase classname="tests.test_clean_env" name="test_clean_env_handles_trailing_newline" time="0.000" /><testcase classname="tests.test_clean_env" name="test_clean_env_empty_string_returns_empty" time="0.000" /><testcase classname="tests.test_clean_env" name="test_clean_env_unset_returns_empty_no_crash" time="0.000" /><testcase classname="tests.test_clean_env" name="test_clean_env_unset_uses_default" time="0.000" /><testcase classname="tests.test_clean_env" name="test_clean_env_only_whitespace_returns_empty" time="0.000" /><testcase classname="tests.test_clean_env" name="test_clean_env_strips_after_truncating_newline" time="0.000" /><testcase classname="tests.test_clean_env" name="test_module_constants_reload_with_malformed_redirect_uri" time="0.006" /><testcase classname="tests.test_clean_env" name="test_all_10_xcel_constants_use_clean_env" time="0.000" /><testcase classname="tests.test_xcel_greenbutton_fixes" name="test_module_imports_cleanly" time="0.000" /><testcase classname="tests.test_xcel_greenbutton_fixes" name="test_router_exposes_19_routes_including_read_service_status" time="0.000" /><testcase classname="tests.test_xcel_greenbutton_fixes" name="test_admin_scope_default_is_fb_34_35" time="0.000" /><testcase classname="tests.test_xcel_greenbutton_fixes" name="test_client_credentials_token_uses_basic_auth_scope_and_caches" time="0.001" /><testcase classname="tests.test_xcel_greenbutton_fixes" name="test_xcel_sync_connection_posts_and_accepts_202" time="0.003" /><testcase classname="tests.test_xcel_greenbutton_fixes" name="test_parse_espi_feed_extracts_readings_and_summaries" time="0.000" /><testcase classname="tests.test_xcel_greenbutton_fixes" name="test_ingest_espi_xml_persists_to_daily_and_summaries" time="0.001" /><testcase classname="tests.test_xcel_greenbutton_fixes" name="test_xcel_notify_extracts_resources_and_ingests" time="0.002" /><testcase classname="tests.test_xcel_greenbutton_fixes" name="test_xcel_notify_no_resources_returns_zero_and_logs" time="0.001" /></testsuite></testsuites>