<?xml version="1.0" encoding="utf-8"?><testsuites name="pytest tests"><testsuite name="pytest" errors="0" failures="0" skipped="0" tests="23" time="3.082" timestamp="2026-06-29T23:51:08.916154+00:00" hostname="agent-env-8cc79df2-b269-48cb-8665-4495aaa848d1"><testcase classname="tests.test_service_providers.TestPublicProviders" name="test_get_services_list" time="0.130" /><testcase classname="tests.test_service_providers.TestPublicProviders" name="test_create_provider_success" time="0.754" /><testcase classname="tests.test_service_providers.TestPublicProviders" name="test_create_duplicate_returns_is_new_false" time="0.280" /><testcase classname="tests.test_service_providers.TestPublicProviders" name="test_create_invalid_email" time="0.040" /><testcase classname="tests.test_service_providers.TestPublicProviders" name="test_create_invalid_service" time="0.038" /><testcase classname="tests.test_service_providers.TestPublicProviders" name="test_create_invalid_phone_too_short" time="0.039" /><testcase classname="tests.test_service_providers.TestPublicProviders" name="test_check_existing_provider" time="0.049" /><testcase classname="tests.test_service_providers.TestAdminProviders" name="test_admin_login_returns_bearer" time="0.388" /><testcase classname="tests.test_service_providers.TestAdminProviders" name="test_admin_endpoints_require_auth" time="0.063" /><testcase classname="tests.test_service_providers.TestAdminProviders" name="test_admin_list_includes_qa_provider" time="0.053" /><testcase classname="tests.test_service_providers.TestAdminProviders" name="test_admin_stats" time="0.052" /><testcase classname="tests.test_service_providers.TestAdminProviders" name="test_admin_filter_by_service" time="0.053" /><testcase classname="tests.test_service_providers.TestAdminProviders" name="test_admin_filter_by_status_pending_review" time="0.053" /><testcase classname="tests.test_service_providers.TestAdminProviders" name="test_admin_search" time="0.052" /><testcase classname="tests.test_service_providers.TestAdminProviders" name="test_admin_patch_status_to_active" time="0.056" /><testcase classname="tests.test_service_providers.TestAdminProviders" name="test_admin_patch_invalid_status" time="0.045" /><testcase classname="tests.test_service_providers.TestAdminProviders" name="test_admin_patch_featured_and_notes" time="0.115" /><testcase classname="tests.test_service_providers.TestAdminProviders" name="test_admin_dispatch_job" time="0.172" /><testcase classname="tests.test_service_providers.TestAdminProviders" name="test_admin_rate_provider" time="0.156" /><testcase classname="tests.test_service_providers.TestAdminProviders" name="test_admin_export_csv" time="0.047" /><testcase classname="tests.test_service_providers.TestAdminProviders" name="test_admin_get_settings" time="0.055" /><testcase classname="tests.test_service_providers.TestAdminProviders" name="test_admin_update_settings_toggle_email" time="0.173" /><testcase classname="tests.test_service_providers.TestAdminProviders" name="test_admin_delete_provider" time="0.097" /></testsuite></testsuites>