<?xml version="1.0" encoding="utf-8"?><testsuites name="pytest tests"><testsuite name="pytest" errors="0" failures="0" skipped="0" tests="10" time="2.832" timestamp="2026-06-16T04:05:55.882719+00:00" hostname="agent-env-8cc79df2-b269-48cb-8665-4495aaa848d1"><testcase classname="tests.test_rental_contract_late_fee_sync.TestAuth" name="test_admin_login" time="0.254" /><testcase classname="tests.test_rental_contract_late_fee_sync.TestLateFeeSync" name="test_put_persists_late_fee_amount" time="0.443" /><testcase classname="tests.test_rental_contract_late_fee_sync.TestLateFeeSync" name="test_legacy_alias_late_fee" time="0.252" /><testcase classname="tests.test_rental_contract_late_fee_sync.TestLateFeeSync" name="test_sync_updates_pending_invoice_with_late_fee" time="0.362" /><testcase classname="tests.test_rental_contract_late_fee_sync.TestLateFeeSync" name="test_sync_with_legacy_alias_late_fee" time="0.331" /><testcase classname="tests.test_rental_contract_late_fee_sync.TestLateFeeSync" name="test_no_sync_when_late_fee_unchanged" time="0.258" /><testcase classname="tests.test_rental_contract_late_fee_sync.TestOtherFields" name="test_update_rent_amount" time="0.215" /><testcase classname="tests.test_rental_contract_late_fee_sync.TestOtherFields" name="test_update_payment_due_day" time="0.215" /><testcase classname="tests.test_rental_contract_late_fee_sync.TestOtherFields" name="test_update_late_fee_grace_days" time="0.201" /><testcase classname="tests.test_rental_contract_late_fee_sync.TestOtherFields" name="test_404_on_unknown_contract" time="0.059" /></testsuite></testsuites>