<?xml version="1.0" encoding="utf-8"?><testsuites name="pytest tests"><testsuite name="pytest" errors="0" failures="5" skipped="0" tests="20" time="2.904" timestamp="2026-06-20T03:11:59.613700+00:00" hostname="agent-env-8cc79df2-b269-48cb-8665-4495aaa848d1"><testcase classname="test_ross_house_railway.TestHealth" name="test_health_returns_200" time="0.140" /><testcase classname="test_ross_house_railway.TestAuth" name="test_marketplace_login_tenant_returns_jwt" time="0.265" /><testcase classname="test_ross_house_railway.TestAuth" name="test_marketplace_login_admin_returns_jwt" time="0.259" /><testcase classname="test_ross_house_railway.TestAuth" name="test_marketplace_login_invalid_credentials" time="0.272" /><testcase classname="test_ross_house_railway.TestTenantEndpoints" name="test_tenant_payments" time="0.325"><failure message="AssertionError: {&quot;detail&quot;:&quot;Not Found&quot;}&#10;assert 404 == 200&#10; +  where 404 = &lt;Response [404]&gt;.status_code">E   AssertionError: {"detail":"Not Found"}
    assert 404 == 200
     +  where 404 = &lt;Response [404]&gt;.status_code</failure></testcase><testcase classname="test_ross_house_railway.TestTenantEndpoints" name="test_tenant_contracts" time="0.060"><failure message="AssertionError: {&quot;detail&quot;:&quot;Not Found&quot;}&#10;assert 404 == 200&#10; +  where 404 = &lt;Response [404]&gt;.status_code">E   AssertionError: {"detail":"Not Found"}
    assert 404 == 200
     +  where 404 = &lt;Response [404]&gt;.status_code</failure></testcase><testcase classname="test_ross_house_railway.TestTenantEndpoints" name="test_tenant_payment_methods" time="0.073" /><testcase classname="test_ross_house_railway.TestTenantEndpoints" name="test_tenant_autopay_status" time="0.068" /><testcase classname="test_ross_house_railway.TestCreditBuilder" name="test_credit_builder_my_status_returns_200_not_500" time="0.064" /><testcase classname="test_ross_house_railway.TestSection8" name="test_section8_welcome_public" time="0.061"><failure message="AssertionError: Endpoint missing on production (404 expected if route does not exist). status=404 body={&quot;detail&quot;:&quot;Not Found&quot;}&#10;assert 404 == 200&#10; +  where 404 = &lt;Response [404]&gt;.status_code">E   AssertionError: Endpoint missing on production (404 expected if route does not exist). status=404 body={"detail":"Not Found"}
    assert 404 == 200
     +  where 404 = &lt;Response [404]&gt;.status_code</failure></testcase><testcase classname="test_ross_house_railway.TestSection8" name="test_section8_declare_requires_auth" time="0.060" /><testcase classname="test_ross_house_railway.TestSection8" name="test_section8_declare_with_jwt" time="0.078" /><testcase classname="test_ross_house_railway.TestSection8" name="test_section8_status_with_jwt" time="0.064"><failure message="AssertionError: Internal Server Error&#10;assert 500 != 500&#10; +  where 500 = &lt;Response [500]&gt;.status_code">E   AssertionError: Internal Server Error
    assert 500 != 500
     +  where 500 = &lt;Response [500]&gt;.status_code</failure></testcase><testcase classname="test_ross_house_railway.TestPrimaryTenantCredentials" name="test_primary_tenant_login_should_succeed_on_prod" time="0.297"><failure message="AssertionError: Primary tenant yoandyross2025@icloud.com cannot log in on prod with the password documented in /app/memory/test_credentials.md. status=401 body={&quot;detail&quot;:&quot;Contraseña incorrecta&quot;}&#10;assert 401 == 200&#10; +  where 401 = &lt;Response [401]&gt;.status_code">E   AssertionError: Primary tenant yoandyross2025@icloud.com cannot log in on prod with the password documented in /app/memory/test_credentials.md. status=401 body={"detail":"Contraseña incorrecta"}
    assert 401 == 200
     +  where 401 = &lt;Response [401]&gt;.status_code</failure></testcase><testcase classname="test_ross_house_railway.TestStripeRefactor" name="test_admin_rental_stripe_config" time="0.360" /><testcase classname="test_ross_house_railway.TestStripeRefactor" name="test_admin_connect_status" time="0.092" /><testcase classname="test_ross_house_railway.TestStripeRefactor" name="test_admin_stripe_webhook_events" time="0.069" /><testcase classname="test_ross_house_railway.TestAdminEndpoints" name="test_admin_rental_payments" time="0.081" /><testcase classname="test_ross_house_railway.TestAdminEndpoints" name="test_admin_properties" time="0.069" /><testcase classname="test_ross_house_railway.TestAdminEndpoints" name="test_admin_tenants" time="0.068" /></testsuite></testsuites>