<?xml version="1.0" encoding="utf-8"?><testsuites name="pytest tests"><testsuite name="pytest" errors="0" failures="4" skipped="0" tests="31" time="6.448" timestamp="2026-06-20T17:10:05.423659+00:00" hostname="agent-env-8cc79df2-b269-48cb-8665-4495aaa848d1"><testcase classname="backend.tests.test_syndication_e2e.TestADealsCRUD" name="test_01_create_deal" time="0.502" /><testcase classname="backend.tests.test_syndication_e2e.TestADealsCRUD" name="test_02a_list_deals_no_auth" time="0.091" /><testcase classname="backend.tests.test_syndication_e2e.TestADealsCRUD" name="test_02b_list_deals_admin" time="0.101" /><testcase classname="backend.tests.test_syndication_e2e.TestADealsCRUD" name="test_03_get_deal" time="0.093" /><testcase classname="backend.tests.test_syndication_e2e.TestADealsCRUD" name="test_04_patch_deal" time="0.097" /><testcase classname="backend.tests.test_syndication_e2e.TestADealsCRUD" name="test_05_public_list_deals" time="0.106" /><testcase classname="backend.tests.test_syndication_e2e.TestADealsCRUD" name="test_06_public_get_deal_by_slug" time="0.100" /><testcase classname="backend.tests.test_syndication_e2e.TestBInvestments" name="test_07_add_first_investment" time="0.255" /><testcase classname="backend.tests.test_syndication_e2e.TestBInvestments" name="test_08_add_second_investment_and_check_recompute" time="0.231" /><testcase classname="backend.tests.test_syndication_e2e.TestBInvestments" name="test_09_update_inv1_amount" time="0.211" /><testcase classname="backend.tests.test_syndication_e2e.TestCDistributions" name="test_10_create_distribution" time="0.144" /><testcase classname="backend.tests.test_syndication_e2e.TestCDistributions" name="test_11_mark_distribution_paid" time="0.383" /><testcase classname="backend.tests.test_syndication_e2e.TestCDistributions" name="test_12_cannot_delete_paid_distribution" time="0.092" /><testcase classname="backend.tests.test_syndication_e2e.TestDDocuments" name="test_13_upload_document" time="0.093" /><testcase classname="backend.tests.test_syndication_e2e.TestDDocuments" name="test_14_deal_includes_documents" time="0.098" /><testcase classname="backend.tests.test_syndication_e2e.TestEInvestorsDirectory" name="test_15_list_investors" time="0.098" /><testcase classname="backend.tests.test_syndication_e2e.TestEInvestorsDirectory" name="test_16_get_investor_detail" time="0.092" /><testcase classname="backend.tests.test_syndication_e2e.TestEInvestorsDirectory" name="test_17_reset_investor_password" time="0.096" /><testcase classname="backend.tests.test_syndication_e2e.TestFInvestorAuth" name="test_18_login_wrong_password" time="0.098" /><testcase classname="backend.tests.test_syndication_e2e.TestFInvestorAuth" name="test_19_login_success" time="0.116" /><testcase classname="backend.tests.test_syndication_e2e.TestFInvestorAuth" name="test_20_investor_dashboard" time="0.091"><failure message="AssertionError: Internal Server Error&#10;assert 500 == 200&#10; +  where 500 = &lt;Response [500]&gt;.status_code">backend/tests/test_syndication_e2e.py:381: in test_20_investor_dashboard
    assert r.status_code == 200, r.text
E   AssertionError: Internal Server Error
E   assert 500 == 200
E    +  where 500 = &lt;Response [500]&gt;.status_code</failure></testcase><testcase classname="backend.tests.test_syndication_e2e.TestGInvestorScopedAccess" name="test_21_investor_deals" time="0.103"><failure message="AssertionError: Internal Server Error&#10;assert 500 == 200&#10; +  where 500 = &lt;Response [500]&gt;.status_code">backend/tests/test_syndication_e2e.py:395: in test_21_investor_deals
    assert r.status_code == 200, r.text
E   AssertionError: Internal Server Error
E   assert 500 == 200
E    +  where 500 = &lt;Response [500]&gt;.status_code</failure></testcase><testcase classname="backend.tests.test_syndication_e2e.TestGInvestorScopedAccess" name="test_22_investor_deal_detail_authorized" time="0.090"><failure message="AssertionError: Internal Server Error&#10;assert 500 == 200&#10; +  where 500 = &lt;Response [500]&gt;.status_code">backend/tests/test_syndication_e2e.py:404: in test_22_investor_deal_detail_authorized
    assert r.status_code == 200, r.text
E   AssertionError: Internal Server Error
E   assert 500 == 200
E    +  where 500 = &lt;Response [500]&gt;.status_code</failure></testcase><testcase classname="backend.tests.test_syndication_e2e.TestGInvestorScopedAccess" name="test_23_investor_cannot_access_other_deal" time="0.184"><failure message="AssertionError: Expected 403 for non-position deal, got 500: Internal Server Error&#10;assert 500 == 403&#10; +  where 500 = &lt;Response [500]&gt;.status_code">backend/tests/test_syndication_e2e.py:437: in test_23_investor_cannot_access_other_deal
    assert r2.status_code == 403, f"Expected 403 for non-position deal, got {r2.status_code}: {r2.text}"
E   AssertionError: Expected 403 for non-position deal, got 500: Internal Server Error
E   assert 500 == 403
E    +  where 500 = &lt;Response [500]&gt;.status_code</failure></testcase><testcase classname="backend.tests.test_syndication_e2e.TestHPublicInquiry" name="test_24_public_inquire" time="0.144" /><testcase classname="backend.tests.test_syndication_e2e.TestICleanup" name="test_25a_delete_inv2" time="0.108" /><testcase classname="backend.tests.test_syndication_e2e.TestICleanup" name="test_25b_delete_inv1" time="0.115" /><testcase classname="backend.tests.test_syndication_e2e.TestICleanup" name="test_25c_delete_test_deal" time="0.101" /><testcase classname="backend.tests.test_syndication_e2e.TestICleanup" name="test_25d_delete_other_deal" time="0.099" /><testcase classname="backend.tests.test_syndication_e2e.TestOCRReVerification" name="test_26_tenant_login" time="0.288" /><testcase classname="backend.tests.test_syndication_e2e.TestOCRReVerification" name="test_27_utility_scan_no_longer_500" time="1.772" /></testsuite></testsuites>