<?xml version="1.0" encoding="utf-8"?><testsuites name="pytest tests"><testsuite name="pytest" errors="0" failures="3" skipped="0" tests="15" time="2.689" timestamp="2026-06-20T15:00:19.479879+00:00" hostname="agent-env-8cc79df2-b269-48cb-8665-4495aaa848d1"><testcase classname="backend.tests.test_tenant_utilities_ocr.TestTenantScanEndpoint" name="test_scan_without_auth_returns_401" time="0.137" /><testcase classname="backend.tests.test_tenant_utilities_ocr.TestTenantScanEndpoint" name="test_scan_no_body_returns_400" time="0.437" /><testcase classname="backend.tests.test_tenant_utilities_ocr.TestTenantScanEndpoint" name="test_scan_invalid_base64_returns_400" time="0.067"><failure message="AssertionError: Endpoint crashed with 500: {&quot;detail&quot;:&quot;No hay API key configurada para AI Vision&quot;}&#10;assert 500 != 500&#10; +  where 500 = &lt;Response [500]&gt;.status_code">backend/tests/test_tenant_utilities_ocr.py:119: in test_scan_invalid_base64_returns_400
    assert r.status_code != 500, f"Endpoint crashed with 500: {r.text[:300]}"
E   AssertionError: Endpoint crashed with 500: {"detail":"No hay API key configurada para AI Vision"}
E   assert 500 != 500
E    +  where 500 = &lt;Response [500]&gt;.status_code</failure></testcase><testcase classname="backend.tests.test_tenant_utilities_ocr.TestTenantScanEndpoint" name="test_scan_oversized_payload_returns_413" time="0.493"><failure message="AssertionError: Endpoint crashed with 500: {&quot;detail&quot;:&quot;No hay API key configurada para AI Vision&quot;}&#10;assert 500 != 500&#10; +  where 500 = &lt;Response [500]&gt;.status_code">backend/tests/test_tenant_utilities_ocr.py:136: in test_scan_oversized_payload_returns_413
    assert r.status_code != 500, f"Endpoint crashed with 500: {r.text[:300]}"
E   AssertionError: Endpoint crashed with 500: {"detail":"No hay API key configurada para AI Vision"}
E   assert 500 != 500
E    +  where 500 = &lt;Response [500]&gt;.status_code</failure></testcase><testcase classname="backend.tests.test_tenant_utilities_ocr.TestTenantScanEndpoint" name="test_scan_small_valid_jpeg_no_500" time="0.140"><failure message="AssertionError: Endpoint crashed: 500 {&quot;detail&quot;:&quot;No hay API key configurada para AI Vision&quot;}&#10;assert 500 != 500&#10; +  where 500 = &lt;Response [500]&gt;.status_code">backend/tests/test_tenant_utilities_ocr.py:149: in test_scan_small_valid_jpeg_no_500
    assert r.status_code != 500, f"Endpoint crashed: {r.status_code} {r.text[:500]}"
E   AssertionError: Endpoint crashed: 500 {"detail":"No hay API key configurada para AI Vision"}
E   assert 500 != 500
E    +  where 500 = &lt;Response [500]&gt;.status_code</failure></testcase><testcase classname="backend.tests.test_tenant_utilities_ocr.TestAdminTenantUtilities" name="test_no_auth_returns_401" time="0.062" /><testcase classname="backend.tests.test_tenant_utilities_ocr.TestAdminTenantUtilities" name="test_non_admin_tenant_blocked" time="0.085" /><testcase classname="backend.tests.test_tenant_utilities_ocr.TestAdminTenantUtilities" name="test_admin_can_list" time="0.457" /><testcase classname="backend.tests.test_tenant_utilities_ocr.TestAdminTenantUtilities" name="test_admin_with_filters" time="0.075" /><testcase classname="backend.tests.test_tenant_utilities_ocr.TestTenantUtilitiesCRUD" name="test_create_utility_record" time="0.112" /><testcase classname="backend.tests.test_tenant_utilities_ocr.TestTenantUtilitiesCRUD" name="test_list_includes_created" time="0.069" /><testcase classname="backend.tests.test_tenant_utilities_ocr.TestTenantUtilitiesCRUD" name="test_summary_shape" time="0.082" /><testcase classname="backend.tests.test_tenant_utilities_ocr.TestTenantUtilitiesCRUD" name="test_zz_cleanup" time="0.094" /><testcase classname="backend.tests.test_tenant_utilities_ocr.TestAdminOCRRegression" name="test_admin_extract_with_image" time="0.093" /><testcase classname="backend.tests.test_tenant_utilities_ocr.TestAdminOCRRegression" name="test_admin_list_non_xcel_bills" time="0.071" /></testsuite></testsuites>